2022-08-27 15:52:36,396 INFO notifyConnectTimeout:200

2022-08-27 15:52:36,399 INFO notifySocketTimeout:8000

2022-08-27 15:52:36,399 INFO isHealthCheck:true

2022-08-27 15:52:36,399 INFO maxHealthCheckFailCount:12

2022-08-27 15:52:36,399 INFO maxContent:10485760

2022-08-27 15:53:20,923 INFO notifyConnectTimeout:200

2022-08-27 15:53:20,926 INFO notifySocketTimeout:8000

2022-08-27 15:53:20,926 INFO isHealthCheck:true

2022-08-27 15:53:20,926 INFO maxHealthCheckFailCount:12

2022-08-27 15:53:20,926 INFO maxContent:10485760

2022-08-27 15:55:49,257 INFO notifyConnectTimeout:200

2022-08-27 15:55:49,267 INFO notifySocketTimeout:8000

2022-08-27 15:55:49,267 INFO isHealthCheck:true

2022-08-27 15:55:49,267 INFO maxHealthCheckFailCount:12

2022-08-27 15:55:49,267 INFO maxContent:10485760

2022-08-27 15:58:15,124 INFO notifyConnectTimeout:200

2022-08-27 15:58:15,127 INFO notifySocketTimeout:8000

2022-08-27 15:58:15,127 INFO isHealthCheck:true

2022-08-27 15:58:15,127 INFO maxHealthCheckFailCount:12

2022-08-27 15:58:15,127 INFO maxContent:10485760

2022-08-27 15:59:01,357 INFO notifyConnectTimeout:200

2022-08-27 15:59:01,359 INFO notifySocketTimeout:8000

2022-08-27 15:59:01,359 INFO isHealthCheck:true

2022-08-27 15:59:01,360 INFO maxHealthCheckFailCount:12

2022-08-27 15:59:01,360 INFO maxContent:10485760

2022-08-27 16:01:26,371 INFO notifyConnectTimeout:200

2022-08-27 16:01:26,374 INFO notifySocketTimeout:8000

2022-08-27 16:01:26,374 INFO isHealthCheck:true

2022-08-27 16:01:26,374 INFO maxHealthCheckFailCount:12

2022-08-27 16:01:26,374 INFO maxContent:10485760

2022-08-27 16:02:57,923 INFO notifyConnectTimeout:200

2022-08-27 16:02:57,925 INFO notifySocketTimeout:8000

2022-08-27 16:02:57,926 INFO isHealthCheck:true

2022-08-27 16:02:57,926 INFO maxHealthCheckFailCount:12

2022-08-27 16:02:57,926 INFO maxContent:10485760

2022-08-27 16:05:01,590 INFO notifyConnectTimeout:200

2022-08-27 16:05:01,592 INFO notifySocketTimeout:8000

2022-08-27 16:05:01,592 INFO isHealthCheck:true

2022-08-27 16:05:01,592 INFO maxHealthCheckFailCount:12

2022-08-27 16:05:01,592 INFO maxContent:10485760

2022-08-27 16:05:04,655 INFO use local db service for init

2022-08-27 16:05:05,357 WARN Lexical error at line 4, column 66.  Encountered: <EOF> after : "".

2022-08-27 16:05:05,360 WARN Syntax error: Encountered "*" at line 1, column 1.

2022-08-27 16:05:05,670 WARN Lexical error at line 4, column 13.  Encountered: "`" (96), after : "".

2022-08-27 16:05:05,670 WARN Lexical error at line 1, column 13.  Encountered: "`" (96), after : "".

2022-08-27 16:05:05,670 WARN Lexical error at line 1, column 13.  Encountered: "`" (96), after : "".

2022-08-27 16:05:05,670 WARN Lexical error at line 1, column 13.  Encountered: "`" (96), after : "".

2022-08-27 16:05:05,670 INFO use StandaloneDatabaseOperateImpl

2022-08-27 16:05:05,713 WARN DumpService start

2022-08-27 16:05:05,714 INFO start clear all config-info.

2022-08-27 16:05:05,714 WARN clear all config-info failed.

2022-08-27 16:05:05,714 WARN clear all config-info-tenant failed.

2022-08-27 16:05:05,750 INFO start clear all config-info-beta.

2022-08-27 16:05:05,750 WARN clear all config-info-beta failed.

2022-08-27 16:05:05,750 WARN clear all config-info-beta-tenant failed.

2022-08-27 16:05:05,759 INFO start clear all config-info-tag.

2022-08-27 16:05:05,759 WARN clear all config-info-tag failed.

2022-08-27 16:05:05,759 WARN clear all config-info-tag-tenant failed.

2022-08-27 16:09:45,524 INFO notifyConnectTimeout:200

2022-08-27 16:09:45,527 INFO notifySocketTimeout:8000

2022-08-27 16:09:45,527 INFO isHealthCheck:true

2022-08-27 16:09:45,527 INFO maxHealthCheckFailCount:12

2022-08-27 16:09:45,527 INFO maxContent:10485760

2022-08-27 16:09:48,874 INFO use local db service for init

2022-08-27 16:09:50,084 ERROR Failed to start database 'C:\Users\xiong\Desktop\zto\Sylvanas\nacos\data\derby-data' with class loader org.springframework.boot.loader.LaunchedURLClassLoader@3d646c37, see the next exception for details.

java.sql.SQLException: Failed to start database 'C:\Users\xiong\Desktop\zto\Sylvanas\nacos\data\derby-data' with class loader org.springframework.boot.loader.LaunchedURLClassLoader@3d646c37, see the next exception for details.
	at org.apache.derby.impl.jdbc.SQLExceptionFactory.getSQLException(Unknown Source)
	at org.apache.derby.impl.jdbc.SQLExceptionFactory.getSQLException(Unknown Source)
	at org.apache.derby.impl.jdbc.Util.seeNextException(Unknown Source)
	at org.apache.derby.impl.jdbc.EmbedConnection.bootDatabase(Unknown Source)
	at org.apache.derby.impl.jdbc.EmbedConnection.<init>(Unknown Source)
	at org.apache.derby.jdbc.InternalDriver$1.run(Unknown Source)
	at org.apache.derby.jdbc.InternalDriver$1.run(Unknown Source)
	at java.security.AccessController.doPrivileged(Native Method)
	at org.apache.derby.jdbc.InternalDriver.getNewEmbedConnection(Unknown Source)
	at org.apache.derby.jdbc.InternalDriver$LoginCallable.call(Unknown Source)
	at org.apache.derby.jdbc.InternalDriver$LoginCallable.call(Unknown Source)
	at java.util.concurrent.FutureTask.run(FutureTask.java:266)
	at java.util.concurrent.ThreadPoolExecutor.runWorker(ThreadPoolExecutor.java:1149)
	at java.util.concurrent.ThreadPoolExecutor$Worker.run(ThreadPoolExecutor.java:624)
	at java.lang.Thread.run(Thread.java:748)
Caused by: org.apache.derby.iapi.error.StandardException: Failed to start database 'C:\Users\xiong\Desktop\zto\Sylvanas\nacos\data\derby-data' with class loader org.springframework.boot.loader.LaunchedURLClassLoader@3d646c37, see the next exception for details.
	at org.apache.derby.iapi.error.StandardException.newException(Unknown Source)
	at org.apache.derby.impl.jdbc.SQLExceptionFactory.wrapArgsForTransportAcrossDRDA(Unknown Source)
	... 15 common frames omitted
Caused by: org.apache.derby.iapi.error.StandardException: Another instance of Derby may have already booted the database C:\Users\xiong\Desktop\zto\Sylvanas\nacos\data\derby-data.
	at org.apache.derby.iapi.error.StandardException.newException(Unknown Source)
	at org.apache.derby.iapi.error.StandardException.newException(Unknown Source)
	at org.apache.derby.impl.store.raw.data.BaseDataFileFactory.privGetJBMSLockOnDB(Unknown Source)
	at org.apache.derby.impl.store.raw.data.BaseDataFileFactory.run(Unknown Source)
	at java.security.AccessController.doPrivileged(Native Method)
	at org.apache.derby.impl.store.raw.data.BaseDataFileFactory.getJBMSLockOnDB(Unknown Source)
	at org.apache.derby.impl.store.raw.data.BaseDataFileFactory.boot(Unknown Source)
	at org.apache.derby.impl.services.monitor.BaseMonitor.boot(Unknown Source)
	at org.apache.derby.impl.services.monitor.TopService.bootModule(Unknown Source)
	at org.apache.derby.impl.services.monitor.BaseMonitor.startModule(Unknown Source)
	at org.apache.derby.impl.services.monitor.FileMonitor.startModule(Unknown Source)
	at org.apache.derby.iapi.services.monitor.Monitor.bootServiceModule(Unknown Source)
	at org.apache.derby.impl.store.raw.RawStore$6.run(Unknown Source)
	at java.security.AccessController.doPrivileged(Native Method)
	at org.apache.derby.impl.store.raw.RawStore.bootServiceModule(Unknown Source)
	at org.apache.derby.impl.store.raw.RawStore.boot(Unknown Source)
	at org.apache.derby.impl.services.monitor.BaseMonitor.boot(Unknown Source)
	at org.apache.derby.impl.services.monitor.TopService.bootModule(Unknown Source)
	at org.apache.derby.impl.services.monitor.BaseMonitor.startModule(Unknown Source)
	at org.apache.derby.impl.services.monitor.FileMonitor.startModule(Unknown Source)
	at org.apache.derby.iapi.services.monitor.Monitor.bootServiceModule(Unknown Source)
	at org.apache.derby.impl.store.access.RAMAccessManager$5.run(Unknown Source)
	at java.security.AccessController.doPrivileged(Native Method)
	at org.apache.derby.impl.store.access.RAMAccessManager.bootServiceModule(Unknown Source)
	at org.apache.derby.impl.store.access.RAMAccessManager.boot(Unknown Source)
	at org.apache.derby.impl.services.monitor.BaseMonitor.boot(Unknown Source)
	at org.apache.derby.impl.services.monitor.TopService.bootModule(Unknown Source)
	at org.apache.derby.impl.services.monitor.BaseMonitor.startModule(Unknown Source)
	at org.apache.derby.impl.services.monitor.FileMonitor.startModule(Unknown Source)
	at org.apache.derby.iapi.services.monitor.Monitor.bootServiceModule(Unknown Source)
	at org.apache.derby.impl.db.BasicDatabase$5.run(Unknown Source)
	at java.security.AccessController.doPrivileged(Native Method)
	at org.apache.derby.impl.db.BasicDatabase.bootServiceModule(Unknown Source)
	at org.apache.derby.impl.db.BasicDatabase.bootStore(Unknown Source)
	at org.apache.derby.impl.db.BasicDatabase.boot(Unknown Source)
	at org.apache.derby.impl.services.monitor.BaseMonitor.boot(Unknown Source)
	at org.apache.derby.impl.services.monitor.TopService.bootModule(Unknown Source)
	at org.apache.derby.impl.services.monitor.BaseMonitor.bootService(Unknown Source)
	at org.apache.derby.impl.services.monitor.BaseMonitor.startProviderService(Unknown Source)
	at org.apache.derby.impl.services.monitor.BaseMonitor.findProviderAndStartService(Unknown Source)
	at org.apache.derby.impl.services.monitor.BaseMonitor.startPersistentService(Unknown Source)
	at org.apache.derby.iapi.services.monitor.Monitor.startPersistentService(Unknown Source)
	at org.apache.derby.impl.jdbc.EmbedConnection$4.run(Unknown Source)
	at org.apache.derby.impl.jdbc.EmbedConnection$4.run(Unknown Source)
	at java.security.AccessController.doPrivileged(Native Method)
	at org.apache.derby.impl.jdbc.EmbedConnection.startPersistentService(Unknown Source)
	... 12 common frames omitted
