2022-08-27 15:52:39,281 INFO Current addressing mode selection : AddressServerMemberLookup

2022-08-27 15:52:49,299 ERROR [serverlist] exception, error : caused: jmenv.tbsite.net;

2022-08-27 15:52:49,300 ERROR [serverlist] exception, error : caused: jmenv.tbsite.net;

2022-08-27 15:52:49,300 ERROR [serverlist] exception, error : caused: jmenv.tbsite.net;

2022-08-27 15:52:49,300 ERROR [serverlist] exception, error : caused: jmenv.tbsite.net;

2022-08-27 15:52:49,300 ERROR [serverlist] exception, error : caused: jmenv.tbsite.net;

2022-08-27 15:53:23,727 INFO Current addressing mode selection : AddressServerMemberLookup

2022-08-27 15:53:33,747 ERROR [serverlist] exception, error : caused: jmenv.tbsite.net;

2022-08-27 15:53:33,747 ERROR [serverlist] exception, error : caused: jmenv.tbsite.net;

2022-08-27 15:53:33,747 ERROR [serverlist] exception, error : caused: jmenv.tbsite.net;

2022-08-27 15:53:33,748 ERROR [serverlist] exception, error : caused: jmenv.tbsite.net;

2022-08-27 15:53:33,748 ERROR [serverlist] exception, error : caused: jmenv.tbsite.net;

2022-08-27 15:55:51,851 INFO Current addressing mode selection : AddressServerMemberLookup

2022-08-27 15:56:01,866 ERROR [serverlist] exception, error : caused: jmenv.tbsite.net;

2022-08-27 15:56:01,867 ERROR [serverlist] exception, error : caused: jmenv.tbsite.net;

2022-08-27 15:56:01,868 ERROR [serverlist] exception, error : caused: jmenv.tbsite.net;

2022-08-27 15:56:01,868 ERROR [serverlist] exception, error : caused: jmenv.tbsite.net;

2022-08-27 15:56:01,868 ERROR [serverlist] exception, error : caused: jmenv.tbsite.net;

2022-08-27 15:58:17,713 INFO Current addressing mode selection : AddressServerMemberLookup

2022-08-27 15:58:27,724 ERROR [serverlist] exception, error : caused: jmenv.tbsite.net;

2022-08-27 15:58:27,724 ERROR [serverlist] exception, error : caused: jmenv.tbsite.net;

2022-08-27 15:58:27,724 ERROR [serverlist] exception, error : caused: jmenv.tbsite.net;

2022-08-27 15:58:27,724 ERROR [serverlist] exception, error : caused: jmenv.tbsite.net;

2022-08-27 15:58:27,725 ERROR [serverlist] exception, error : caused: jmenv.tbsite.net;

2022-08-27 15:59:03,943 INFO Current addressing mode selection : AddressServerMemberLookup

2022-08-27 15:59:13,954 ERROR [serverlist] exception, error : caused: jmenv.tbsite.net;

2022-08-27 15:59:13,954 ERROR [serverlist] exception, error : caused: jmenv.tbsite.net;

2022-08-27 15:59:13,954 ERROR [serverlist] exception, error : caused: jmenv.tbsite.net;

2022-08-27 15:59:13,955 ERROR [serverlist] exception, error : caused: jmenv.tbsite.net;

2022-08-27 15:59:13,955 ERROR [serverlist] exception, error : caused: jmenv.tbsite.net;

2022-08-27 16:01:28,981 INFO Current addressing mode selection : AddressServerMemberLookup

2022-08-27 16:01:37,099 ERROR [serverlist] exception, error : caused: jmenv.tbsite.net;

2022-08-27 16:01:37,100 ERROR [serverlist] exception, error : caused: jmenv.tbsite.net;

2022-08-27 16:01:37,100 ERROR [serverlist] exception, error : caused: jmenv.tbsite.net;

2022-08-27 16:01:37,100 ERROR [serverlist] exception, error : caused: jmenv.tbsite.net;

2022-08-27 16:01:37,100 ERROR [serverlist] exception, error : caused: jmenv.tbsite.net;

2022-08-27 16:03:00,616 INFO Current addressing mode selection : AddressServerMemberLookup

2022-08-27 16:03:10,630 ERROR [serverlist] exception, error : caused: jmenv.tbsite.net;

2022-08-27 16:03:10,631 ERROR [serverlist] exception, error : caused: jmenv.tbsite.net;

2022-08-27 16:03:10,631 ERROR [serverlist] exception, error : caused: jmenv.tbsite.net;

2022-08-27 16:03:10,632 ERROR [serverlist] exception, error : caused: jmenv.tbsite.net;

2022-08-27 16:03:10,632 ERROR [serverlist] exception, error : caused: jmenv.tbsite.net;

2022-08-27 16:05:04,273 INFO Current addressing mode selection : StandaloneMemberLookup

2022-08-27 16:05:05,782 WARN [ClusterRpcClientProxy] success to refresh cluster rpc client on start up,members =[] 

2022-08-27 16:05:07,971 INFO This node is ready to provide external services

2022-08-27 16:09:48,531 INFO Current addressing mode selection : StandaloneMemberLookup

