2022-08-27 16:05:05,883 INFO Register tps control,pointName=CONFIG_PUSH_COUNT, point=com.alibaba.nacos.core.remote.control.TpsMonitorPoint@13330ac6 

2022-08-27 16:05:05,884 INFO Load rule from local,pointName=CONFIG_PUSH_COUNT, ruleContent= 

2022-08-27 16:05:05,884 INFO Apply tps control rule parse start,pointName=[CONFIG_PUSH_COUNT]  

2022-08-27 16:05:05,885 INFO Clear point  control rule ,pointName=[CONFIG_PUSH_COUNT]  

2022-08-27 16:05:05,885 INFO Clear point  control rule for monitorKeys, pointName=[CONFIG_PUSH_COUNT]  

2022-08-27 16:05:05,885 INFO Register tps control,pointName=CONFIG_PUSH_SUCCESS, point=com.alibaba.nacos.core.remote.control.TpsMonitorPoint@539d019 

2022-08-27 16:05:05,886 INFO Load rule from local,pointName=CONFIG_PUSH_SUCCESS, ruleContent= 

2022-08-27 16:05:05,886 INFO Apply tps control rule parse start,pointName=[CONFIG_PUSH_SUCCESS]  

2022-08-27 16:05:05,886 INFO Clear point  control rule ,pointName=[CONFIG_PUSH_SUCCESS]  

2022-08-27 16:05:05,886 INFO Clear point  control rule for monitorKeys, pointName=[CONFIG_PUSH_SUCCESS]  

2022-08-27 16:05:05,886 INFO Register tps control,pointName=CONFIG_PUSH_FAIL, point=com.alibaba.nacos.core.remote.control.TpsMonitorPoint@39a2bb97 

2022-08-27 16:05:05,886 INFO Load rule from local,pointName=CONFIG_PUSH_COUNT, ruleContent= 

2022-08-27 16:05:05,886 INFO Apply tps control rule parse start,pointName=[CONFIG_PUSH_COUNT]  

2022-08-27 16:05:05,886 INFO Clear point  control rule ,pointName=[CONFIG_PUSH_COUNT]  

2022-08-27 16:05:05,886 INFO Clear point  control rule for monitorKeys, pointName=[CONFIG_PUSH_COUNT]  

2022-08-27 16:05:05,886 INFO Load rule from local,pointName=CONFIG_PUSH_SUCCESS, ruleContent= 

2022-08-27 16:05:05,886 INFO Apply tps control rule parse start,pointName=[CONFIG_PUSH_SUCCESS]  

2022-08-27 16:05:05,886 INFO Clear point  control rule ,pointName=[CONFIG_PUSH_SUCCESS]  

2022-08-27 16:05:05,886 INFO Clear point  control rule for monitorKeys, pointName=[CONFIG_PUSH_SUCCESS]  

2022-08-27 16:05:05,887 INFO Load rule from local,pointName=CONFIG_PUSH_FAIL, ruleContent= 

2022-08-27 16:05:05,887 INFO Apply tps control rule parse start,pointName=[CONFIG_PUSH_FAIL]  

2022-08-27 16:05:05,887 INFO Clear point  control rule ,pointName=[CONFIG_PUSH_FAIL]  

2022-08-27 16:05:05,887 INFO Clear point  control rule for monitorKeys, pointName=[CONFIG_PUSH_FAIL]  

2022-08-27 16:05:07,985 INFO Register tps control,pointName=ConfigQuery, point=com.alibaba.nacos.core.remote.control.TpsMonitorPoint@7859e786 

2022-08-27 16:05:07,986 INFO Load rule from local,pointName=ConfigQuery, ruleContent= 

2022-08-27 16:05:07,986 INFO Apply tps control rule parse start,pointName=[ConfigQuery]  

2022-08-27 16:05:07,986 INFO Clear point  control rule ,pointName=[ConfigQuery]  

2022-08-27 16:05:07,986 INFO Clear point  control rule for monitorKeys, pointName=[ConfigQuery]  

2022-08-27 16:05:07,986 INFO Register tps control,pointName=ClusterConfigChangeNotify, point=com.alibaba.nacos.core.remote.control.TpsMonitorPoint@285d851a 

2022-08-27 16:05:07,986 INFO Load rule from local,pointName=ClusterConfigChangeNotify, ruleContent= 

2022-08-27 16:05:07,986 INFO Apply tps control rule parse start,pointName=[ClusterConfigChangeNotify]  

2022-08-27 16:05:07,986 INFO Clear point  control rule ,pointName=[ClusterConfigChangeNotify]  

2022-08-27 16:05:07,986 INFO Clear point  control rule for monitorKeys, pointName=[ClusterConfigChangeNotify]  

2022-08-27 16:05:07,987 INFO Register tps control,pointName=ConfigListen, point=com.alibaba.nacos.core.remote.control.TpsMonitorPoint@314b8f2d 

2022-08-27 16:05:07,987 INFO Load rule from local,pointName=ConfigListen, ruleContent= 

2022-08-27 16:05:07,987 INFO Apply tps control rule parse start,pointName=[ConfigListen]  

2022-08-27 16:05:07,987 INFO Clear point  control rule ,pointName=[ConfigListen]  

2022-08-27 16:05:07,987 INFO Clear point  control rule for monitorKeys, pointName=[ConfigListen]  

2022-08-27 16:05:07,987 INFO Register tps control,pointName=ConfigRemove, point=com.alibaba.nacos.core.remote.control.TpsMonitorPoint@5118388b 

2022-08-27 16:05:07,988 INFO Load rule from local,pointName=ConfigRemove, ruleContent= 

2022-08-27 16:05:07,988 INFO Apply tps control rule parse start,pointName=[ConfigRemove]  

2022-08-27 16:05:07,988 INFO Clear point  control rule ,pointName=[ConfigRemove]  

2022-08-27 16:05:07,988 INFO Clear point  control rule for monitorKeys, pointName=[ConfigRemove]  

2022-08-27 16:05:07,988 INFO Register tps control,pointName=ConfigPublish, point=com.alibaba.nacos.core.remote.control.TpsMonitorPoint@15a902e7 

2022-08-27 16:05:07,989 INFO Load rule from local,pointName=ConfigPublish, ruleContent= 

2022-08-27 16:05:07,989 INFO Apply tps control rule parse start,pointName=[ConfigPublish]  

2022-08-27 16:05:07,989 INFO Clear point  control rule ,pointName=[ConfigPublish]  

2022-08-27 16:05:07,989 INFO Clear point  control rule for monitorKeys, pointName=[ConfigPublish]  

2022-08-27 16:05:07,989 INFO Register tps control,pointName=HealthCheck, point=com.alibaba.nacos.core.remote.control.TpsMonitorPoint@7876d598 

2022-08-27 16:05:07,989 INFO Load rule from local,pointName=HealthCheck, ruleContent= 

2022-08-27 16:05:07,989 INFO Apply tps control rule parse start,pointName=[HealthCheck]  

2022-08-27 16:05:07,989 INFO Clear point  control rule ,pointName=[HealthCheck]  

2022-08-27 16:05:07,989 INFO Clear point  control rule for monitorKeys, pointName=[HealthCheck]  

2022-08-27 16:11:51,765 INFO Register tps control,pointName=NAMING_RPC_PUSH, point=com.alibaba.nacos.core.remote.control.TpsMonitorPoint@25c20f70 

2022-08-27 16:11:51,765 INFO Load rule from local,pointName=NAMING_RPC_PUSH, ruleContent= 

2022-08-27 16:11:51,765 INFO Apply tps control rule parse start,pointName=[NAMING_RPC_PUSH]  

2022-08-27 16:11:51,766 INFO Clear point  control rule ,pointName=[NAMING_RPC_PUSH]  

2022-08-27 16:11:51,766 INFO Clear point  control rule for monitorKeys, pointName=[NAMING_RPC_PUSH]  

2022-08-27 16:11:51,766 INFO Register tps control,pointName=NAMING_RPC_PUSH_SUCCESS, point=com.alibaba.nacos.core.remote.control.TpsMonitorPoint@34be85af 

2022-08-27 16:11:51,766 INFO Load rule from local,pointName=NAMING_RPC_PUSH_SUCCESS, ruleContent= 

2022-08-27 16:11:51,766 INFO Apply tps control rule parse start,pointName=[NAMING_RPC_PUSH_SUCCESS]  

2022-08-27 16:11:51,766 INFO Clear point  control rule ,pointName=[NAMING_RPC_PUSH_SUCCESS]  

2022-08-27 16:11:51,766 INFO Clear point  control rule for monitorKeys, pointName=[NAMING_RPC_PUSH_SUCCESS]  

2022-08-27 16:11:51,766 INFO Register tps control,pointName=NAMING_RPC_PUSH_FAIL, point=com.alibaba.nacos.core.remote.control.TpsMonitorPoint@77710089 

2022-08-27 16:11:51,766 INFO Load rule from local,pointName=NAMING_RPC_PUSH_FAIL, ruleContent= 

2022-08-27 16:11:51,766 INFO Apply tps control rule parse start,pointName=[NAMING_RPC_PUSH_FAIL]  

2022-08-27 16:11:51,766 INFO Clear point  control rule ,pointName=[NAMING_RPC_PUSH_FAIL]  

2022-08-27 16:11:51,766 INFO Clear point  control rule for monitorKeys, pointName=[NAMING_RPC_PUSH_FAIL]  

2022-08-27 16:11:51,766 INFO Register tps control,pointName=NAMING_UDP_PUSH, point=com.alibaba.nacos.core.remote.control.TpsMonitorPoint@4ef0dece 

2022-08-27 16:11:51,767 INFO Load rule from local,pointName=NAMING_UDP_PUSH, ruleContent= 

2022-08-27 16:11:51,767 INFO Apply tps control rule parse start,pointName=[NAMING_UDP_PUSH]  

2022-08-27 16:11:51,767 INFO Clear point  control rule ,pointName=[NAMING_UDP_PUSH]  

2022-08-27 16:11:51,767 INFO Clear point  control rule for monitorKeys, pointName=[NAMING_UDP_PUSH]  

2022-08-27 16:11:51,767 INFO Register tps control,pointName=NAMING_UDP_PUSH_SUCCESS, point=com.alibaba.nacos.core.remote.control.TpsMonitorPoint@7bfce1ef 

2022-08-27 16:11:51,767 INFO Load rule from local,pointName=NAMING_UDP_PUSH_SUCCESS, ruleContent= 

2022-08-27 16:11:51,767 INFO Apply tps control rule parse start,pointName=[NAMING_UDP_PUSH_SUCCESS]  

2022-08-27 16:11:51,767 INFO Clear point  control rule ,pointName=[NAMING_UDP_PUSH_SUCCESS]  

2022-08-27 16:11:51,767 INFO Clear point  control rule for monitorKeys, pointName=[NAMING_UDP_PUSH_SUCCESS]  

2022-08-27 16:11:51,767 INFO Register tps control,pointName=NAMING_UDP_PUSH_FAIL, point=com.alibaba.nacos.core.remote.control.TpsMonitorPoint@3b2f90c2 

2022-08-27 16:11:51,768 INFO Load rule from local,pointName=NAMING_UDP_PUSH_FAIL, ruleContent= 

2022-08-27 16:11:51,768 INFO Apply tps control rule parse start,pointName=[NAMING_UDP_PUSH_FAIL]  

2022-08-27 16:11:51,768 INFO Clear point  control rule ,pointName=[NAMING_UDP_PUSH_FAIL]  

2022-08-27 16:11:51,768 INFO Clear point  control rule for monitorKeys, pointName=[NAMING_UDP_PUSH_FAIL]  

2022-08-27 16:11:51,768 INFO Register tps control,pointName=NAMING_DISTRO_SYNC, point=com.alibaba.nacos.core.remote.control.TpsMonitorPoint@44a5ba66 

2022-08-27 16:11:51,768 INFO Load rule from local,pointName=NAMING_DISTRO_SYNC, ruleContent= 

2022-08-27 16:11:51,768 INFO Apply tps control rule parse start,pointName=[NAMING_DISTRO_SYNC]  

2022-08-27 16:11:51,768 INFO Clear point  control rule ,pointName=[NAMING_DISTRO_SYNC]  

2022-08-27 16:11:51,768 INFO Clear point  control rule for monitorKeys, pointName=[NAMING_DISTRO_SYNC]  

2022-08-27 16:11:51,768 INFO Register tps control,pointName=NAMING_DISTRO_SYNC_SUCCESS, point=com.alibaba.nacos.core.remote.control.TpsMonitorPoint@c6b1a92 

2022-08-27 16:11:51,768 INFO Load rule from local,pointName=NAMING_DISTRO_SYNC_SUCCESS, ruleContent= 

2022-08-27 16:11:51,768 INFO Apply tps control rule parse start,pointName=[NAMING_DISTRO_SYNC_SUCCESS]  

2022-08-27 16:11:51,768 INFO Clear point  control rule ,pointName=[NAMING_DISTRO_SYNC_SUCCESS]  

2022-08-27 16:11:51,768 INFO Clear point  control rule for monitorKeys, pointName=[NAMING_DISTRO_SYNC_SUCCESS]  

2022-08-27 16:11:51,768 INFO Register tps control,pointName=NAMING_DISTRO_SYNC_FAIL, point=com.alibaba.nacos.core.remote.control.TpsMonitorPoint@10846169 

2022-08-27 16:11:51,769 INFO Load rule from local,pointName=NAMING_DISTRO_SYNC_FAIL, ruleContent= 

2022-08-27 16:11:51,769 INFO Apply tps control rule parse start,pointName=[NAMING_DISTRO_SYNC_FAIL]  

2022-08-27 16:11:51,769 INFO Clear point  control rule ,pointName=[NAMING_DISTRO_SYNC_FAIL]  

2022-08-27 16:11:51,769 INFO Clear point  control rule for monitorKeys, pointName=[NAMING_DISTRO_SYNC_FAIL]  

2022-08-27 16:11:51,769 INFO Register tps control,pointName=NAMING_DISTRO_VERIFY, point=com.alibaba.nacos.core.remote.control.TpsMonitorPoint@57ea5a3b 

2022-08-27 16:11:51,769 INFO Load rule from local,pointName=NAMING_DISTRO_VERIFY, ruleContent= 

2022-08-27 16:11:51,769 INFO Apply tps control rule parse start,pointName=[NAMING_DISTRO_VERIFY]  

2022-08-27 16:11:51,769 INFO Clear point  control rule ,pointName=[NAMING_DISTRO_VERIFY]  

2022-08-27 16:11:51,769 INFO Clear point  control rule for monitorKeys, pointName=[NAMING_DISTRO_VERIFY]  

2022-08-27 16:11:51,769 INFO Register tps control,pointName=NAMING_DISTRO_VERIFY_SUCCESS, point=com.alibaba.nacos.core.remote.control.TpsMonitorPoint@3ef5ac2a 

2022-08-27 16:11:51,770 INFO Load rule from local,pointName=NAMING_DISTRO_VERIFY_SUCCESS, ruleContent= 

2022-08-27 16:11:51,770 INFO Apply tps control rule parse start,pointName=[NAMING_DISTRO_VERIFY_SUCCESS]  

2022-08-27 16:11:51,770 INFO Clear point  control rule ,pointName=[NAMING_DISTRO_VERIFY_SUCCESS]  

2022-08-27 16:11:51,770 INFO Clear point  control rule for monitorKeys, pointName=[NAMING_DISTRO_VERIFY_SUCCESS]  

2022-08-27 16:11:51,770 INFO Register tps control,pointName=NAMING_DISTRO_VERIFY_FAIL, point=com.alibaba.nacos.core.remote.control.TpsMonitorPoint@6a9e9eec 

2022-08-27 16:11:51,770 INFO Load rule from local,pointName=NAMING_DISTRO_VERIFY_FAIL, ruleContent= 

2022-08-27 16:11:51,770 INFO Apply tps control rule parse start,pointName=[NAMING_DISTRO_VERIFY_FAIL]  

2022-08-27 16:11:51,770 INFO Clear point  control rule ,pointName=[NAMING_DISTRO_VERIFY_FAIL]  

2022-08-27 16:11:51,770 INFO Clear point  control rule for monitorKeys, pointName=[NAMING_DISTRO_VERIFY_FAIL]  

